<?xml version="1.0" encoding="UTF-8"?>
<testsuite name="ch2.CustomerTest" tests="6" skipped="0" failures="0" errors="0" timestamp="2022-09-06T16:09:32" hostname="DESKTOP-6AQFF8V" time="0.074">
  <properties/>
  <testcase name="예매-할인 조건 만족x" classname="ch2.CustomerTest" time="0.066"/>
  <testcase name="예매-할인 조건 1개(turn 조건) 만족, 고정금액 할인" classname="ch2.CustomerTest" time="0.001"/>
  <testcase name="예매-할인 조건 2개 만족, 고정금액 할인" classname="ch2.CustomerTest" time="0.001"/>
  <testcase name="예매-할인 조건 1개 만족(기간 조건 만족), 비율 할인" classname="ch2.CustomerTest" time="0.001"/>
  <testcase name="예매-할인 조건 2개 만족, 비율 할인" classname="ch2.CustomerTest" time="0.001"/>
  <testcase name="예매-결제금액이 부족한 경우" classname="ch2.CustomerTest" time="0.003"/>
  <system-out><![CDATA[]]></system-out>
  <system-err><![CDATA[]]></system-err>
</testsuite>
