<?xml version="1.0" encoding="UTF-8"?>
<testsuite name="ch2.TicketingTest" tests="6" skipped="0" failures="0" errors="0" timestamp="2023-01-04T00:44:23" hostname="DESKTOP-6AQFF8V" time="0.186">
  <properties/>
  <testcase name="load objects" classname="ch2.TicketingTest" time="0.151"/>
  <testcase name="티켓 구매하기" classname="ch2.TicketingTest" time="0.017"/>
  <testcase name="티켓 구매하기 - 여석이 없음" classname="ch2.TicketingTest" time="0.006"/>
  <testcase name="티켓 구매하기 - 돈이 없음" classname="ch2.TicketingTest" time="0.002"/>
  <testcase name="티켓 구매하기 - 조조 영화 할인 적용" classname="ch2.TicketingTest" time="0.002"/>
  <testcase name="조조영화 할인 미적용" classname="ch2.TicketingTest" time="0.002"/>
  <system-out><![CDATA[]]></system-out>
  <system-err><![CDATA[]]></system-err>
</testsuite>
