<?xml version="1.0" encoding="UTF-8"?>
<testsuite name="ch12.LectureTest" tests="2" skipped="0" failures="0" errors="0" timestamp="2023-01-12T06:27:47" hostname="DESKTOP-6AQFF8V" time="0.067">
  <properties/>
  <testcase name="Lecture 객체 생성" classname="ch12.LectureTest" time="0.062"/>
  <testcase name="Lecture format print" classname="ch12.LectureTest" time="0.004"/>
  <system-out><![CDATA[]]></system-out>
  <system-err><![CDATA[]]></system-err>
</testsuite>
