<?xml version="1.0" encoding="UTF-8"?>
<testsuite name="ch10.PhoneTest" tests="4" skipped="0" failures="0" errors="0" timestamp="2023-01-11T06:05:06" hostname="DESKTOP-6AQFF8V" time="0.079">
  <properties/>
  <testcase name="객체 생성" classname="ch10.PhoneTest" time="0.065"/>
  <testcase name="Phone에 Call 추가" classname="ch10.PhoneTest" time="0.008"/>
  <testcase name="Call 요금 계산(심야 적용 x)" classname="ch10.PhoneTest" time="0.004"/>
  <testcase name="심야 시간 요금제 적용한 요금 계산" classname="ch10.PhoneTest" time="0.001"/>
  <system-out><![CDATA[]]></system-out>
  <system-err><![CDATA[]]></system-err>
</testsuite>
