<?xml version="1.0" encoding="UTF-8"?>
<testsuite name="ch10.PhoneTest" tests="3" skipped="0" failures="0" errors="0" timestamp="2023-01-11T05:31:10" hostname="DESKTOP-6AQFF8V" time="0.076">
  <properties/>
  <testcase name="객체 생성" classname="ch10.PhoneTest" time="0.063"/>
  <testcase name="Phone에 Call 추가" classname="ch10.PhoneTest" time="0.008"/>
  <testcase name="Call 요금 계산" classname="ch10.PhoneTest" time="0.003"/>
  <system-out><![CDATA[]]></system-out>
  <system-err><![CDATA[]]></system-err>
</testsuite>
