<?xml version="1.0" encoding="UTF-8"?>
<testsuite name="ch10.PhoneTest" tests="4" skipped="0" failures="0" errors="0" timestamp="2023-01-12T00:27:41" hostname="DESKTOP-6AQFF8V" time="0.083">
  <properties/>
  <testcase name="객체 생성" classname="ch10.PhoneTest" time="0.066"/>
  <testcase name="Phone에 Call 추가" classname="ch10.PhoneTest" time="0.01"/>
  <testcase name="Call 요금 계산(심야 적용 x)" classname="ch10.PhoneTest" time="0.004"/>
  <testcase name="심야 시간 요금제 적용한 요금 계산" classname="ch10.PhoneTest" time="0.0"/>
  <system-out><![CDATA[]]></system-out>
  <system-err><![CDATA[]]></system-err>
</testsuite>
