<?xml version="1.0" encoding="UTF-8"?>
<testsuite name="ch1.TheaterTest" tests="4" skipped="0" failures="0" errors="0" timestamp="2022-09-05T13:20:35" hostname="DESKTOP-6AQFF8V" time="0.069">
  <properties/>
  <testcase name="enter test-티켓 소유" classname="ch1.TheaterTest" time="0.016"/>
  <testcase name="enter test- 초대권 소유" classname="ch1.TheaterTest" time="0.001"/>
  <testcase name="들어갈 수 있는 돈 소유" classname="ch1.TheaterTest" time="0.001"/>
  <testcase name="아무것도 없는 경우" classname="ch1.TheaterTest" time="0.05"/>
  <system-out><![CDATA[티켓이 이미 있어 입장합니다.
]]></system-out>
  <system-err><![CDATA[]]></system-err>
</testsuite>
